0 info it worked if it ends with ok
1 verbose cli [ '/Users/Tom/.nvm/versions/io.js/v2.4.0/bin/iojs',
1 verbose cli   '/Users/Tom/.nvm/versions/io.js/v2.4.0/bin/npm',
1 verbose cli   'version',
1 verbose cli   'patch' ]
2 info using npm@2.13.0
3 info using node@v2.4.0
4 info git [ 'status', '--porcelain' ]
5 verbose stack Error: Git working directory not clean.
5 verbose stack M index.js
5 verbose stack     at /Users/Tom/.nvm/versions/io.js/v2.4.0/lib/node_modules/npm/lib/version.js:171:21
5 verbose stack     at ChildProcess.exithandler (child_process.js:188:7)
5 verbose stack     at emitTwo (events.js:87:13)
5 verbose stack     at ChildProcess.emit (events.js:172:7)
5 verbose stack     at maybeClose (internal/child_process.js:764:16)
5 verbose stack     at Process.ChildProcess._handle.onexit (internal/child_process.js:211:5)
6 verbose cwd /Users/Tom/Documents/code/tom/fullscreen-iframe-content
7 error Darwin 14.3.0
8 error argv "/Users/Tom/.nvm/versions/io.js/v2.4.0/bin/iojs" "/Users/Tom/.nvm/versions/io.js/v2.4.0/bin/npm" "version" "patch"
9 error node v2.4.0
10 error npm  v2.13.0
11 error Git working directory not clean.
11 error M index.js
12 error If you need help, you may report this error at:
12 error     <https://github.com/npm/npm/issues>
13 verbose exit [ 1, true ]
